<?xml version="1.0" encoding="UTF-8"?>
<testsuite xmlns:xsi="http://www.w3.org/2001/XMLSchema-instance" xsi:noNamespaceSchemaLocation="https://maven.apache.org/surefire/maven-failsafe-plugin/xsd/failsafe-test-report-3.0.xsd" version="3.0" name="ppss.ClienteDAO_IT" time="0.895" tests="6" errors="0" skipped="0" failures="0">
  <properties>
[...]
</properties>
  <testcase name="testRetrieve" classname="ppss.ClienteDAO_IT" time="0.556">
    <system-out><![CDATA[com.mysql.cj.jdbc.Driver<
sql = SELECT id, nombre, apellido, direccion, ciudad from cliente WHERE id='1'
]]></system-out>
    <system-err><![CDATA[SLF4J: Failed to load class "org.slf4j.impl.StaticLoggerBinder".
SLF4J: Defaulting to no-operation (NOP) logger implementation
SLF4J: See http://www.slf4j.org/codes.html#StaticLoggerBinder for further details.
]]></system-err>
  </testcase>
  <testcase name="testDelete2" classname="ppss.ClienteDAO_IT" time="0.087">
    <system-out><![CDATA[sql = delete from cliente where id= 2
]]></system-out>
  </testcase>
  <testcase name="testDelete" classname="ppss.ClienteDAO_IT" time="0.062">
    <system-out><![CDATA[sql = delete from cliente where id= 1
]]></system-out>
  </testcase>
  <testcase name="testInsert" classname="ppss.ClienteDAO_IT" time="0.048">
    <system-out><![CDATA[sql = insert into cliente (id, nombre, apellido, direccion, ciudad) values (1, 'John', 'Smith', '1 Main Street', 'Anycity')
]]></system-out>
  </testcase>
  <testcase name="testInsert2" classname="ppss.ClienteDAO_IT" time="0.052">
    <system-out><![CDATA[sql = insert into cliente (id, nombre, apellido, direccion, ciudad) values (2, 'Pedro', 'Miro', '6 Avenida Diagonal', 'Alicante')
]]></system-out>
  </testcase>
  <testcase name="testUpdate" classname="ppss.ClienteDAO_IT" time="0.058">
    <system-out><![CDATA[sql = UPDATE cliente SET nombre='John', apellido='Smith', direccion='Other Street', ciudad='NewCity' WHERE id=1
]]></system-out>
  </testcase>
</testsuite>